              C:\SysGCC\mingw64\bin\gdb.exe --interpreter mi --args "C:\Users\owner\Downloads\gzdoom-g3.4.1\build\RelWithDebInfo\gzdoom.exe" minimized.wad
[       0 ms] -gdb-version
[      98 ms] =thread-group-added,id="i1"
[     104 ms] ~"GNU gdb (rubenvb-4.7.1-2-release) 7.5.50.20120816-cvs\n"
[     104 ms] ~"Copyright (C) 2012 Free Software Foundation, Inc.\n"
[     104 ms] ~"License GPLv3+: GNU GPL version 3 or later <http://gnu.org/licenses/gpl.html>\nThis is free software: you are free to change and redistribute it.\nThere is NO WARRANTY, to the extent permitted by law.  Type \"show copying\"\nand \"show warranty\" for details.\n"
[     104 ms] ~"This GDB was configured as \"x86_64-w64-mingw32\".\nFor bug reporting instructions, please see:\n"
[     104 ms] ~"<mingw-w64-public@lists.sourceforge.net>...\n"
[     104 ms] ~"Reading symbols from C:\\Users\\owner\\Downloads\\gzdoom-g3.4.1\\build\\RelWithDebInfo\\gzdoom.exe..."
[     104 ms] ~"(no debugging symbols found)...done.\n"
[     104 ms] ~"GNU gdb (rubenvb-4.7.1-2-release) 7.5.50.20120816-cvs\n"
[     104 ms] ~"Copyright (C) 2012 Free Software Foundation, Inc.\n"
[     104 ms] ~"License GPLv3+: GNU GPL version 3 or later <http://gnu.org/licenses/gpl.html>\nThis is free software: you are free to change and redistribute it.\nThere is NO WARRANTY, to the extent permitted by law.  Type \"show copying\"\nand \"show warranty\" for details.\n"
[     104 ms] ~"This GDB was configured as \"x86_64-w64-mingw32\".\nFor bug reporting instructions, please see:\n"
[     104 ms] ~"<mingw-w64-public@lists.sourceforge.net>.\n"
[     104 ms] ^done
[     105 ms] -list-features
[     109 ms] ^done,features=["frozen-varobjs","pending-breakpoints","thread-info","data-read-memory-bytes","breakpoint-notifications","ada-task-info","python"]
[     109 ms] -gdb-set disassembly-flavor intel
[     119 ms] ^done
[     119 ms] ^done
[     119 ms] -gdb-set print demangle off
[     119 ms] ^done
[     160 ms] -gdb-set new-console on
[     170 ms] ^done
[     174 ms] -break-insert -f main
[     180 ms] &"Function \"main\" not defined.\n"
[     180 ms] ^done,bkpt={number="1",type="breakpoint",disp="keep",enabled="y",addr="<PENDING>",pending="main",times="0",original-location="main"}
[     592 ms] info target
[     596 ms] &"info target\n"
[     596 ms] ~"Symbols from \"C:\\Users\\owner\\Downloads\\gzdoom-g3.4.1\\build\\RelWithDebInfo\\gzdoom.exe\".\n"
[     596 ms] ~"Local exec file:\n"
[     596 ms] ~"\t`C:\\Users\\owner\\Downloads\\gzdoom-g3.4.1\\build\\RelWithDebInfo\\gzdoom.exe', file type pei-x86-64.\n"
[     596 ms] ~"\tEntry point: 0x1405919fc\n"
[     596 ms] ~"\t0x0000000140001000 - 0x00000001406048f6 is .text\n"
[     596 ms] ~"\t0x0000000140605000 - 0x0000000140765210 is .rdata\n"
[     596 ms] ~"\t0x0000000140766000 - 0x0000000140785400 is .data\n"
[     596 ms] ~"\t0x0000000140e08000 - 0x0000000140e4dfe4 is .pdata\n"
[     596 ms] ~"\t0x0000000140e4e000 - 0x0000000140e4e671 is .tls\n"
[     596 ms] ~"\t0x0000000140e4f000 - 0x0000000140e4fa38 is .gfids\n"
[     596 ms] ~"\t0x0000000140e50000 - 0x0000000140e53b50 is _RDATA\n"
[     596 ms] ~"\t0x0000000140e54000 - 0x0000000140ea30d0 is .rsrc\n"
[     596 ms] ~"\t0x0000000140ea4000 - 0x0000000140eb00e8 is .reloc\n"
[     596 ms] ^done
              All created breakpoints are pending. Setting a breakpoint at main()...
[     613 ms] -break-insert -f main
[     616 ms] &"Function \"main\" not defined.\n"
[     616 ms] ^done,bkpt={number="2",type="breakpoint",disp="keep",enabled="y",addr="<PENDING>",pending="main",times="0",original-location="main"}
[     624 ms] -exec-run
[     628 ms] =thread-group-started,id="i1",pid="6240"
[     628 ms] =thread-created,id="1",group-id="i1"
[     628 ms] ~"[New Thread 6240.0x37a0]\n"
[     628 ms] ^running
[     628 ms] *running,thread-id="all"
[     651 ms] =thread-created,id="2",group-id="i1"
[     652 ms] ~"[New Thread 6240.0x353c]\n"
[     652 ms] *running,thread-id="all"
[     652 ms] =thread-created,id="3",group-id="i1"
[     652 ms] ~"[New Thread 6240.0x37b8]\n"
[     653 ms] *running,thread-id="all"
[     653 ms] =thread-created,id="4",group-id="i1"
[     653 ms] ~"[New Thread 6240.0x758]\n"
[     653 ms] *running,thread-id="all"
[     653 ms] =library-loaded,id="C:\\WINDOWS\\System32\\kernel32.dll",target-name="C:\\WINDOWS\\System32\\kernel32.dll",host-name="C:\\WINDOWS\\System32\\kernel32.dll",symbols-loaded="0",thread-group="i1"
[     655 ms] =library-loaded,id="C:\\WINDOWS\\System32\\KernelBase.dll",target-name="C:\\WINDOWS\\System32\\KernelBase.dll",host-name="C:\\WINDOWS\\System32\\KernelBase.dll",symbols-loaded="0",thread-group="i1"
[     655 ms] =library-loaded,id="C:\\WINDOWS\\System32\\ole32.dll",target-name="C:\\WINDOWS\\System32\\ole32.dll",host-name="C:\\WINDOWS\\System32\\ole32.dll",symbols-loaded="0",thread-group="i1"
[     655 ms] =library-loaded,id="C:\\WINDOWS\\System32\\combase.dll",target-name="C:\\WINDOWS\\System32\\combase.dll",host-name="C:\\WINDOWS\\System32\\combase.dll",symbols-loaded="0",thread-group="i1"
[     655 ms] =library-loaded,id="C:\\WINDOWS\\SYSTEM32\\winmm.dll",target-name="C:\\WINDOWS\\SYSTEM32\\winmm.dll",host-name="C:\\WINDOWS\\SYSTEM32\\winmm.dll",symbols-loaded="0",thread-group="i1"
[     655 ms] =library-loaded,id="C:\\WINDOWS\\SYSTEM32\\wsock32.dll",target-name="C:\\WINDOWS\\SYSTEM32\\wsock32.dll",host-name="C:\\WINDOWS\\SYSTEM32\\wsock32.dll",symbols-loaded="0",thread-group="i1"
[     655 ms] =library-loaded,id="C:\\WINDOWS\\SYSTEM32\\opengl32.dll",target-name="C:\\WINDOWS\\SYSTEM32\\opengl32.dll",host-name="C:\\WINDOWS\\SYSTEM32\\opengl32.dll",symbols-loaded="0",thread-group="i1"
[     655 ms] =library-loaded,id="C:\\WINDOWS\\System32\\msvcrt.dll",target-name="C:\\WINDOWS\\System32\\msvcrt.dll",host-name="C:\\WINDOWS\\System32\\msvcrt.dll",symbols-loaded="0",thread-group="i1"
[     655 ms] =library-loaded,id="C:\\WINDOWS\\System32\\msvcrt.dll",target-name="C:\\WINDOWS\\System32\\msvcrt.dll",host-name="C:\\WINDOWS\\System32\\msvcrt.dll",symbols-loaded="0",thread-group="i1"
[     655 ms] =library-loaded,id="C:\\WINDOWS\\System32\\ucrtbase.dll",target-name="C:\\WINDOWS\\System32\\ucrtbase.dll",host-name="C:\\WINDOWS\\System32\\ucrtbase.dll",symbols-loaded="0",thread-group="i1"
[     677 ms] =library-unloaded,id="C:\\WINDOWS\\System32\\msvcrt.dll",target-name="C:\\WINDOWS\\System32\\msvcrt.dll",host-name="C:\\WINDOWS\\System32\\msvcrt.dll",thread-group="i1"
[     679 ms] =library-loaded,id="C:\\WINDOWS\\System32\\ws2_32.dll",target-name="C:\\WINDOWS\\System32\\ws2_32.dll",host-name="C:\\WINDOWS\\System32\\ws2_32.dll",symbols-loaded="0",thread-group="i1"
[     679 ms] =library-loaded,id="C:\\WINDOWS\\System32\\advapi32.dll",target-name="C:\\WINDOWS\\System32\\advapi32.dll",host-name="C:\\WINDOWS\\System32\\advapi32.dll",symbols-loaded="0",thread-group="i1"
[     679 ms] =library-loaded,id="C:\\WINDOWS\\System32\\rpcrt4.dll",target-name="C:\\WINDOWS\\System32\\rpcrt4.dll",host-name="C:\\WINDOWS\\System32\\rpcrt4.dll",symbols-loaded="0",thread-group="i1"
[     679 ms] =library-loaded,id="C:\\WINDOWS\\System32\\sechost.dll",target-name="C:\\WINDOWS\\System32\\sechost.dll",host-name="C:\\WINDOWS\\System32\\sechost.dll",symbols-loaded="0",thread-group="i1"
[     679 ms] =library-loaded,id="C:\\WINDOWS\\SYSTEM32\\winmmbase.dll",target-name="C:\\WINDOWS\\SYSTEM32\\winmmbase.dll",host-name="C:\\WINDOWS\\SYSTEM32\\winmmbase.dll",symbols-loaded="0",thread-group="i1"
[     692 ms] =library-loaded,id="C:\\WINDOWS\\System32\\cfgmgr32.dll",target-name="C:\\WINDOWS\\System32\\cfgmgr32.dll",host-name="C:\\WINDOWS\\System32\\cfgmgr32.dll",symbols-loaded="0",thread-group="i1"
[     693 ms] =library-loaded,id="C:\\WINDOWS\\System32\\bcryptprimitives.dll",target-name="C:\\WINDOWS\\System32\\bcryptprimitives.dll",host-name="C:\\WINDOWS\\System32\\bcryptprimitives.dll",symbols-loaded="0",thread-group="i1"
[     693 ms] =library-loaded,id="C:\\WINDOWS\\System32\\user32.dll",target-name="C:\\WINDOWS\\System32\\user32.dll",host-name="C:\\WINDOWS\\System32\\user32.dll",symbols-loaded="0",thread-group="i1"
[     693 ms] =library-loaded,id="C:\\WINDOWS\\System32\\win32u.dll",target-name="C:\\WINDOWS\\System32\\win32u.dll",host-name="C:\\WINDOWS\\System32\\win32u.dll",symbols-loaded="0",thread-group="i1"
[     693 ms] =library-loaded,id="C:\\WINDOWS\\System32\\gdi32.dll",target-name="C:\\WINDOWS\\System32\\gdi32.dll",host-name="C:\\WINDOWS\\System32\\gdi32.dll",symbols-loaded="0",thread-group="i1"
[     693 ms] =library-loaded,id="C:\\WINDOWS\\System32\\gdi32full.dll",target-name="C:\\WINDOWS\\System32\\gdi32full.dll",host-name="C:\\WINDOWS\\System32\\gdi32full.dll",symbols-loaded="0",thread-group="i1"
[     693 ms] =library-loaded,id="C:\\WINDOWS\\System32\\msvcp_win.dll",target-name="C:\\WINDOWS\\System32\\msvcp_win.dll",host-name="C:\\WINDOWS\\System32\\msvcp_win.dll",symbols-loaded="0",thread-group="i1"
[     693 ms] =library-loaded,id="C:\\WINDOWS\\SYSTEM32\\glu32.dll",target-name="C:\\WINDOWS\\SYSTEM32\\glu32.dll",host-name="C:\\WINDOWS\\SYSTEM32\\glu32.dll",symbols-loaded="0",thread-group="i1"
[     694 ms] =library-loaded,id="C:\\WINDOWS\\System32\\comdlg32.dll",target-name="C:\\WINDOWS\\System32\\comdlg32.dll",host-name="C:\\WINDOWS\\System32\\comdlg32.dll",symbols-loaded="0",thread-group="i1"
[     694 ms] =library-loaded,id="C:\\WINDOWS\\WinSxS\\amd64_microsoft.windows.common-controls_6595b64144ccf1df_6.0.16299.125_none_15cbcf8893620c09\\comctl32.dll",target-name="C:\\WINDOWS\\WinSxS\\amd64_microsoft.windows.common-controls_6595b64144ccf1df_6.0.16299.125_none_15cbcf8893620c09\\comctl32.dll",host-name="C:\\WINDOWS\\WinSxS\\amd64_microsoft.windows.common-controls_6595b64144ccf1df_6.0.16299.125_none_15cbcf8893620c09\\comctl32.dll",symbols-loaded="0",thread-group="i1"
[     694 ms] =library-loaded,id="C:\\WINDOWS\\System32\\SHCore.dll",target-name="C:\\WINDOWS\\System32\\SHCore.dll",host-name="C:\\WINDOWS\\System32\\SHCore.dll",symbols-loaded="0",thread-group="i1"
[     694 ms] =library-loaded,id="C:\\WINDOWS\\System32\\shlwapi.dll",target-name="C:\\WINDOWS\\System32\\shlwapi.dll",host-name="C:\\WINDOWS\\System32\\shlwapi.dll",symbols-loaded="0",thread-group="i1"
[     694 ms] =library-loaded,id="C:\\WINDOWS\\System32\\shell32.dll",target-name="C:\\WINDOWS\\System32\\shell32.dll",host-name="C:\\WINDOWS\\System32\\shell32.dll",symbols-loaded="0",thread-group="i1"
[     694 ms] =library-loaded,id="C:\\WINDOWS\\System32\\windows.storage.dll",target-name="C:\\WINDOWS\\System32\\windows.storage.dll",host-name="C:\\WINDOWS\\System32\\windows.storage.dll",symbols-loaded="0",thread-group="i1"
[     694 ms] =library-loaded,id="C:\\WINDOWS\\System32\\kernel.appcore.dll",target-name="C:\\WINDOWS\\System32\\kernel.appcore.dll",host-name="C:\\WINDOWS\\System32\\kernel.appcore.dll",symbols-loaded="0",thread-group="i1"
[     694 ms] =library-loaded,id="C:\\WINDOWS\\System32\\powrprof.dll",target-name="C:\\WINDOWS\\System32\\powrprof.dll",host-name="C:\\WINDOWS\\System32\\powrprof.dll",symbols-loaded="0",thread-group="i1"
[     694 ms] =library-loaded,id="C:\\WINDOWS\\System32\\profapi.dll",target-name="C:\\WINDOWS\\System32\\profapi.dll",host-name="C:\\WINDOWS\\System32\\profapi.dll",symbols-loaded="0",thread-group="i1"
[     694 ms] =library-loaded,id="C:\\WINDOWS\\System32\\oleaut32.dll",target-name="C:\\WINDOWS\\System32\\oleaut32.dll",host-name="C:\\WINDOWS\\System32\\oleaut32.dll",symbols-loaded="0",thread-group="i1"
[     718 ms] =library-loaded,id="C:\\WINDOWS\\System32\\imm32.dll",target-name="C:\\WINDOWS\\System32\\imm32.dll",host-name="C:\\WINDOWS\\System32\\imm32.dll",symbols-loaded="0",thread-group="i1"
[     727 ms] =library-loaded,id="C:\\WINDOWS\\SYSTEM32\\riched20.dll",target-name="C:\\WINDOWS\\SYSTEM32\\riched20.dll",host-name="C:\\WINDOWS\\SYSTEM32\\riched20.dll",symbols-loaded="0",thread-group="i1"
[     730 ms] =library-loaded,id="C:\\WINDOWS\\SYSTEM32\\usp10.dll",target-name="C:\\WINDOWS\\SYSTEM32\\usp10.dll",host-name="C:\\WINDOWS\\SYSTEM32\\usp10.dll",symbols-loaded="0",thread-group="i1"
[     732 ms] =library-loaded,id="C:\\WINDOWS\\SYSTEM32\\msls31.dll",target-name="C:\\WINDOWS\\SYSTEM32\\msls31.dll",host-name="C:\\WINDOWS\\SYSTEM32\\msls31.dll",symbols-loaded="0",thread-group="i1"
[     736 ms] =library-loaded,id="C:\\WINDOWS\\system32\\uxtheme.dll",target-name="C:\\WINDOWS\\system32\\uxtheme.dll",host-name="C:\\WINDOWS\\system32\\uxtheme.dll",symbols-loaded="0",thread-group="i1"
[     739 ms] =library-loaded,id="C:\\WINDOWS\\System32\\msctf.dll",target-name="C:\\WINDOWS\\System32\\msctf.dll",host-name="C:\\WINDOWS\\System32\\msctf.dll",symbols-loaded="0",thread-group="i1"
[     743 ms] =library-loaded,id="C:\\WINDOWS\\system32\\dwmapi.dll",target-name="C:\\WINDOWS\\system32\\dwmapi.dll",host-name="C:\\WINDOWS\\system32\\dwmapi.dll",symbols-loaded="0",thread-group="i1"
[     747 ms] =thread-created,id="5",group-id="i1"
[     747 ms] ~"[New Thread 6240.0x2e10]\n"
[     747 ms] *running,thread-id="all"
[     747 ms] =thread-created,id="6",group-id="i1"
[     747 ms] ~"[New Thread 6240.0xe48]\n"
[     747 ms] *running,thread-id="all"
[     747 ms] =thread-created,id="7",group-id="i1"
[     748 ms] ~"[New Thread 6240.0x3484]\n"
[     748 ms] *running,thread-id="all"
[     750 ms] =library-loaded,id="C:\\WINDOWS\\System32\\clbcatq.dll",target-name="C:\\WINDOWS\\System32\\clbcatq.dll",host-name="C:\\WINDOWS\\System32\\clbcatq.dll",symbols-loaded="0",thread-group="i1"
[     753 ms] =library-loaded,id="C:\\WINDOWS\\system32\\DataExchange.dll",target-name="C:\\WINDOWS\\system32\\DataExchange.dll",host-name="C:\\WINDOWS\\system32\\DataExchange.dll",symbols-loaded="0",thread-group="i1"
[     756 ms] =library-loaded,id="C:\\WINDOWS\\system32\\d3d11.dll",target-name="C:\\WINDOWS\\system32\\d3d11.dll",host-name="C:\\WINDOWS\\system32\\d3d11.dll",symbols-loaded="0",thread-group="i1"
[     760 ms] =library-loaded,id="C:\\WINDOWS\\system32\\dcomp.dll",target-name="C:\\WINDOWS\\system32\\dcomp.dll",host-name="C:\\WINDOWS\\system32\\dcomp.dll",symbols-loaded="0",thread-group="i1"
[     763 ms] =library-loaded,id="C:\\WINDOWS\\system32\\dxgi.dll",target-name="C:\\WINDOWS\\system32\\dxgi.dll",host-name="C:\\WINDOWS\\system32\\dxgi.dll",symbols-loaded="0",thread-group="i1"
[     766 ms] =library-loaded,id="C:\\WINDOWS\\system32\\twinapi.appcore.dll",target-name="C:\\WINDOWS\\system32\\twinapi.appcore.dll",host-name="C:\\WINDOWS\\system32\\twinapi.appcore.dll",symbols-loaded="0",thread-group="i1"
[     770 ms] =library-loaded,id="C:\\WINDOWS\\system32\\rmclient.dll",target-name="C:\\WINDOWS\\system32\\rmclient.dll",host-name="C:\\WINDOWS\\system32\\rmclient.dll",symbols-loaded="0",thread-group="i1"
[     773 ms] =library-loaded,id="C:\\WINDOWS\\system32\\bcrypt.dll",target-name="C:\\WINDOWS\\system32\\bcrypt.dll",host-name="C:\\WINDOWS\\system32\\bcrypt.dll",symbols-loaded="0",thread-group="i1"
[     783 ms] =library-loaded,id="C:\\WINDOWS\\System32\\TextInputFramework.dll",target-name="C:\\WINDOWS\\System32\\TextInputFramework.dll",host-name="C:\\WINDOWS\\System32\\TextInputFramework.dll",symbols-loaded="0",thread-group="i1"
[     786 ms] =library-loaded,id="C:\\WINDOWS\\System32\\CoreUIComponents.dll",target-name="C:\\WINDOWS\\System32\\CoreUIComponents.dll",host-name="C:\\WINDOWS\\System32\\CoreUIComponents.dll",symbols-loaded="0",thread-group="i1"
[     790 ms] =library-loaded,id="C:\\WINDOWS\\System32\\CoreMessaging.dll",target-name="C:\\WINDOWS\\System32\\CoreMessaging.dll",host-name="C:\\WINDOWS\\System32\\CoreMessaging.dll",symbols-loaded="0",thread-group="i1"
[     794 ms] =library-loaded,id="C:\\WINDOWS\\SYSTEM32\\ntmarta.dll",target-name="C:\\WINDOWS\\SYSTEM32\\ntmarta.dll",host-name="C:\\WINDOWS\\SYSTEM32\\ntmarta.dll",symbols-loaded="0",thread-group="i1"
[     798 ms] =library-loaded,id="C:\\WINDOWS\\SYSTEM32\\WinTypes.dll",target-name="C:\\WINDOWS\\SYSTEM32\\WinTypes.dll",host-name="C:\\WINDOWS\\SYSTEM32\\WinTypes.dll",symbols-loaded="0",thread-group="i1"
[     801 ms] =library-loaded,id="C:\\WINDOWS\\SYSTEM32\\WinTypes.dll",target-name="C:\\WINDOWS\\SYSTEM32\\WinTypes.dll",host-name="C:\\WINDOWS\\SYSTEM32\\WinTypes.dll",symbols-loaded="0",thread-group="i1"
[     804 ms] =library-unloaded,id="C:\\WINDOWS\\SYSTEM32\\WinTypes.dll",target-name="C:\\WINDOWS\\SYSTEM32\\WinTypes.dll",host-name="C:\\WINDOWS\\SYSTEM32\\WinTypes.dll",thread-group="i1"
[     814 ms] =library-loaded,id="C:\\WINDOWS\\SYSTEM32\\wtsapi32.dll",target-name="C:\\WINDOWS\\SYSTEM32\\wtsapi32.dll",host-name="C:\\WINDOWS\\SYSTEM32\\wtsapi32.dll",symbols-loaded="0",thread-group="i1"
[     818 ms] =library-loaded,id="C:\\WINDOWS\\SYSTEM32\\winsta.dll",target-name="C:\\WINDOWS\\SYSTEM32\\winsta.dll",host-name="C:\\WINDOWS\\SYSTEM32\\winsta.dll",symbols-loaded="0",thread-group="i1"
[     826 ms] =library-loaded,id="C:\\WINDOWS\\SYSTEM32\\cryptbase.dll",target-name="C:\\WINDOWS\\SYSTEM32\\cryptbase.dll",host-name="C:\\WINDOWS\\SYSTEM32\\cryptbase.dll",symbols-loaded="0",thread-group="i1"
[     832 ms] =library-loaded,id="C:\\WINDOWS\\SYSTEM32\\sspicli.dll",target-name="C:\\WINDOWS\\SYSTEM32\\sspicli.dll",host-name="C:\\WINDOWS\\SYSTEM32\\sspicli.dll",symbols-loaded="0",thread-group="i1"
[    1066 ms] =library-loaded,id="C:\\WINDOWS\\SYSTEM32\\OpenAL32.dll",target-name="C:\\WINDOWS\\SYSTEM32\\OpenAL32.dll",host-name="C:\\WINDOWS\\SYSTEM32\\OpenAL32.dll",symbols-loaded="0",thread-group="i1"
[    1072 ms] =library-loaded,id="C:\\WINDOWS\\SYSTEM32\\MMDevAPI.dll",target-name="C:\\WINDOWS\\SYSTEM32\\MMDevAPI.dll",host-name="C:\\WINDOWS\\SYSTEM32\\MMDevAPI.dll",symbols-loaded="0",thread-group="i1"
[    1077 ms] =library-loaded,id="C:\\WINDOWS\\SYSTEM32\\devobj.dll",target-name="C:\\WINDOWS\\SYSTEM32\\devobj.dll",host-name="C:\\WINDOWS\\SYSTEM32\\devobj.dll",symbols-loaded="0",thread-group="i1"
[    1081 ms] =library-loaded,id="C:\\WINDOWS\\SYSTEM32\\propsys.dll",target-name="C:\\WINDOWS\\SYSTEM32\\propsys.dll",host-name="C:\\WINDOWS\\SYSTEM32\\propsys.dll",symbols-loaded="0",thread-group="i1"
[    1087 ms] =library-loaded,id="C:\\WINDOWS\\SYSTEM32\\wdmaud.drv",target-name="C:\\WINDOWS\\SYSTEM32\\wdmaud.drv",host-name="C:\\WINDOWS\\SYSTEM32\\wdmaud.drv",symbols-loaded="0",thread-group="i1"
[    1092 ms] =library-loaded,id="C:\\WINDOWS\\SYSTEM32\\ksuser.dll",target-name="C:\\WINDOWS\\SYSTEM32\\ksuser.dll",host-name="C:\\WINDOWS\\SYSTEM32\\ksuser.dll",symbols-loaded="0",thread-group="i1"
[    1096 ms] =library-loaded,id="C:\\WINDOWS\\SYSTEM32\\avrt.dll",target-name="C:\\WINDOWS\\SYSTEM32\\avrt.dll",host-name="C:\\WINDOWS\\SYSTEM32\\avrt.dll",symbols-loaded="0",thread-group="i1"
[    1112 ms] =library-loaded,id="C:\\WINDOWS\\SYSTEM32\\AudioSes.dll",target-name="C:\\WINDOWS\\SYSTEM32\\AudioSes.dll",host-name="C:\\WINDOWS\\SYSTEM32\\AudioSes.dll",symbols-loaded="0",thread-group="i1"
[    1121 ms] =library-loaded,id="C:\\WINDOWS\\SYSTEM32\\msacm32.drv",target-name="C:\\WINDOWS\\SYSTEM32\\msacm32.drv",host-name="C:\\WINDOWS\\SYSTEM32\\msacm32.drv",symbols-loaded="0",thread-group="i1"
[    1126 ms] =library-loaded,id="C:\\WINDOWS\\SYSTEM32\\msacm32.dll",target-name="C:\\WINDOWS\\SYSTEM32\\msacm32.dll",host-name="C:\\WINDOWS\\SYSTEM32\\msacm32.dll",symbols-loaded="0",thread-group="i1"
[    1133 ms] =library-loaded,id="C:\\WINDOWS\\SYSTEM32\\midimap.dll",target-name="C:\\WINDOWS\\SYSTEM32\\midimap.dll",host-name="C:\\WINDOWS\\SYSTEM32\\midimap.dll",symbols-loaded="0",thread-group="i1"
[    1138 ms] =library-loaded,id="C:\\WINDOWS\\SYSTEM32\\wrap_oal.dll",target-name="C:\\WINDOWS\\SYSTEM32\\wrap_oal.dll",host-name="C:\\WINDOWS\\SYSTEM32\\wrap_oal.dll",symbols-loaded="0",thread-group="i1"
[    1142 ms] =library-unloaded,id="C:\\WINDOWS\\SYSTEM32\\wrap_oal.dll",target-name="C:\\WINDOWS\\SYSTEM32\\wrap_oal.dll",host-name="C:\\WINDOWS\\SYSTEM32\\wrap_oal.dll",thread-group="i1"
[    1150 ms] =library-loaded,id="C:\\WINDOWS\\SYSTEM32\\wrap_oal.dll",target-name="C:\\WINDOWS\\SYSTEM32\\wrap_oal.dll",host-name="C:\\WINDOWS\\SYSTEM32\\wrap_oal.dll",symbols-loaded="0",thread-group="i1"
[    1156 ms] =library-loaded,id="C:\\WINDOWS\\SYSTEM32\\dsound.dll",target-name="C:\\WINDOWS\\SYSTEM32\\dsound.dll",host-name="C:\\WINDOWS\\SYSTEM32\\dsound.dll",symbols-loaded="0",thread-group="i1"
[    1172 ms] =thread-created,id="8",group-id="i1"
[    1173 ms] ~"[New Thread 6240.0x3614]\n"
[    1173 ms] *running,thread-id="all"
[    1176 ms] =thread-created,id="9",group-id="i1"
[    1177 ms] ~"[New Thread 6240.0x3730]\n"
[    1177 ms] *running,thread-id="all"
[    1178 ms] =thread-exited,id="8",group-id="i1"
[    1179 ms] =thread-exited,id="9",group-id="i1"
[    1179 ms] =thread-created,id="10",group-id="i1"
[    1179 ms] ~"[New Thread 6240.0x3040]\n"
[    1179 ms] *running,thread-id="all"
[    1181 ms] =thread-created,id="11",group-id="i1"
[    1182 ms] ~"[New Thread 6240.0x34b4]\n"
[    1182 ms] *running,thread-id="all"
[    1184 ms] =thread-exited,id="10",group-id="i1"
[    1184 ms] =thread-exited,id="11",group-id="i1"
[    1184 ms] =thread-created,id="12",group-id="i1"
[    1185 ms] ~"[New Thread 6240.0x36c0]\n"
[    1185 ms] *running,thread-id="all"
[    1187 ms] =thread-created,id="13",group-id="i1"
[    1188 ms] ~"[New Thread 6240.0x2090]\n"
[    1188 ms] *running,thread-id="all"
[    1191 ms] =thread-exited,id="12",group-id="i1"
[    1191 ms] =thread-exited,id="13",group-id="i1"
[    1191 ms] =thread-created,id="14",group-id="i1"
[    1192 ms] ~"[New Thread 6240.0x3528]\n"
[    1192 ms] *running,thread-id="all"
[    1194 ms] =thread-created,id="15",group-id="i1"
[    1195 ms] ~"[New Thread 6240.0x3230]\n"
[    1195 ms] *running,thread-id="all"
[    1198 ms] =thread-exited,id="14",group-id="i1"
[    1199 ms] =thread-exited,id="15",group-id="i1"
[    1202 ms] =library-unloaded,id="C:\\WINDOWS\\SYSTEM32\\wrap_oal.dll",target-name="C:\\WINDOWS\\SYSTEM32\\wrap_oal.dll",host-name="C:\\WINDOWS\\SYSTEM32\\wrap_oal.dll",thread-group="i1"
[    1211 ms] =library-loaded,id="C:\\WINDOWS\\SYSTEM32\\wrap_oal.dll",target-name="C:\\WINDOWS\\SYSTEM32\\wrap_oal.dll",host-name="C:\\WINDOWS\\SYSTEM32\\wrap_oal.dll",symbols-loaded="0",thread-group="i1"
[    1214 ms] =library-unloaded,id="C:\\WINDOWS\\SYSTEM32\\wrap_oal.dll",target-name="C:\\WINDOWS\\SYSTEM32\\wrap_oal.dll",host-name="C:\\WINDOWS\\SYSTEM32\\wrap_oal.dll",thread-group="i1"
[    1222 ms] =library-loaded,id="C:\\WINDOWS\\SYSTEM32\\wrap_oal.dll",target-name="C:\\WINDOWS\\SYSTEM32\\wrap_oal.dll",host-name="C:\\WINDOWS\\SYSTEM32\\wrap_oal.dll",symbols-loaded="0",thread-group="i1"
[    1223 ms] =thread-created,id="16",group-id="i1"
[    1223 ms] ~"[New Thread 6240.0x3648]\n"
[    1223 ms] *running,thread-id="all"
[    1234 ms] =thread-created,id="17",group-id="i1"
[    1235 ms] ~"[New Thread 6240.0x7e0]\n"
[    1235 ms] *running,thread-id="all"
[    1235 ms] =thread-created,id="18",group-id="i1"
[    1235 ms] ~"[New Thread 6240.0x36e0]\n"
[    1235 ms] *running,thread-id="all"
[    1237 ms] =thread-exited,id="18",group-id="i1"
[    1237 ms] =thread-created,id="19",group-id="i1"
[    1238 ms] ~"[New Thread 6240.0x3488]\n"
[    1238 ms] *running,thread-id="all"
[    1243 ms] =thread-exited,id="19",group-id="i1"
[    1243 ms] =thread-created,id="20",group-id="i1"
[    1244 ms] ~"[New Thread 6240.0x21c0]\n"
[    1244 ms] *running,thread-id="all"
[    1249 ms] =thread-exited,id="20",group-id="i1"
[    1276 ms] =library-loaded,id="C:\\Windows\\System32\\Windows.UI.dll",target-name="C:\\Windows\\System32\\Windows.UI.dll",host-name="C:\\Windows\\System32\\Windows.UI.dll",symbols-loaded="0",thread-group="i1"
[    1278 ms] =thread-created,id="21",group-id="i1"
[    1278 ms] ~"[New Thread 6240.0x3624]\n"
[    1278 ms] *running,thread-id="all"
[    1278 ms] =thread-created,id="22",group-id="i1"
[    1279 ms] ~"[New Thread 6240.0x2798]\n"
[    1279 ms] *running,thread-id="all"
[    1545 ms] *stopped,reason="signal-received",signal-name="SIGSEGV",signal-meaning="Segmentation fault",frame={addr="0x0000000078787878",func="??",args=[]},thread-id="1",stopped-threads="all"
[    1548 ms] info shared
[    1555 ms] &"info shared\n"
[    1558 ms] ~"From                To                  Syms Read   Shared Object Library\n"
[    1558 ms] ~"0x00007ffbc6981000  0x00007ffbc6a2d24c  Yes         C:\\WINDOWS\\System32\\kernel32.dll\n"
[    1558 ms] ~"0x00007ffbc4ec1000  0x00007ffbc51256c8  Yes         C:\\WINDOWS\\System32\\KernelBase.dll\n"
[    1558 ms] ~"0x00007ffbc7cd1000  0x00007ffbc7e18048  Yes         C:\\WINDOWS\\System32\\ole32.dll\n"
[    1558 ms] ~"0x00007ffbc6fe1000  0x00007ffbc72e7530  Yes         C:\\WINDOWS\\System32\\combase.dll\n"
[    1558 ms] ~"0x00007ffbc24c1000  0x00007ffbc24e20d0  Yes         C:\\WINDOWS\\SYSTEM32\\winmm.dll\n"
[    1558 ms] ~"0x00007ffbc2651000  0x00007ffbc265801c  Yes         C:\\WINDOWS\\SYSTEM32\\wsock32.dll\n"
[    1558 ms] ~"0x00007ffb987b1000  0x00007ffb988cd0fc  Yes         C:\\WINDOWS\\SYSTEM32\\opengl32.dll\n"
[    1558 ms] ~"0x00007ffbc7c31000  0x00007ffbc7ccc4a4  Yes         C:\\WINDOWS\\System32\\msvcrt.dll\n"
[    1558 ms] ~"0x00007ffbc42b1000  0x00007ffbc43a5a68  Yes         C:\\WINDOWS\\System32\\ucrtbase.dll\n"
[    1558 ms] ~"0x00007ffbc6901000  0x00007ffbc696b14c  Yes         C:\\WINDOWS\\System32\\ws2_32.dll\n"
[    1558 ms] ~"0x00007ffbc6a91000  0x00007ffbc6b307d8  Yes         C:\\WINDOWS\\System32\\advapi32.dll\n"
[    1558 ms] ~"0x00007ffbc6bf1000  0x00007ffbc6d0e794  Yes         C:\\WINDOWS\\System32\\rpcrt4.dll\n"
[    1558 ms] ~"0x00007ffbc5381000  0x00007ffbc53daff0  Yes         C:\\WINDOWS\\System32\\sechost.dll\n"
[    1558 ms] ~"0x00007ffbc2461000  0x00007ffbc24891c4  Yes         C:\\WINDOWS\\SYSTEM32\\winmmbase.dll\n"
[    1558 ms] ~"0x00007ffbc4431000  0x00007ffbc4479294  Yes         C:\\WINDOWS\\System32\\cfgmgr32.dll\n"
[    1558 ms] ~"0x00007ffbc43b1000  0x00007ffbc4421464  Yes         C:\\WINDOWS\\System32\\bcryptprimitives.dll\n"
[    1558 ms] ~"0x00007ffbc6d11000  0x00007ffbc6e9e39c  Yes         C:\\WINDOWS\\System32\\user32.dll\n"
[    1558 ms] ~"0x00007ffbc4e01000  0x00007ffbc4e1f014  Yes         C:\\WINDOWS\\System32\\win32u.dll\n"
[    1558 ms] ~"0x00007ffbc6b41000  0x00007ffbc6b6753c  Yes         C:\\WINDOWS\\System32\\gdi32.dll\n"
[    1558 ms] ~"0x00007ffbc5131000  0x00007ffbc52c2b10  Yes         C:\\WINDOWS\\System32\\gdi32full.dll\n"
[    1558 ms] ~"0x00007ffbc4e21000  0x00007ffbc4eba7d4  Yes         C:\\WINDOWS\\System32\\msvcp_win.dll\n"
[    1559 ms] ~"0x00007ffbbd4f1000  0x00007ffbbd51b0bc  Yes         C:\\WINDOWS\\SYSTEM32\\glu32.dll\n"
[    1559 ms] ~"0x00007ffbc76d1000  0x00007ffbc77d927c  Yes         C:\\WINDOWS\\System32\\comdlg32.dll\n"
[    1559 ms] ~"0x00007ffbb8931000  0x00007ffbb8b989d0  Yes         C:\\WINDOWS\\WinSxS\\amd64_microsoft.windows.common-controls_6595b64144ccf1df_6.0.16299.125_none_15cbcf8893620c09\\comctl32.dll\n"
[    1559 ms] ~"0x00007ffbc6ea1000  0x00007ffbc6f45234  Yes         C:\\WINDOWS\\System32\\SHCore.dll\n"
[    1559 ms] ~"0x00007ffbc6a31000  0x00007ffbc6a80698  Yes         C:\\WINDOWS\\System32\\shlwapi.dll\n"
[    1559 ms] ~"0x00007ffbc53e1000  0x00007ffbc68158f4  Yes         C:\\WINDOWS\\System32\\shell32.dll\n"
[    1559 ms] ~"0x00007ffbc46b1000  0x00007ffbc4df6860  Yes         C:\\WINDOWS\\System32\\windows.storage.dll\n"
[    1559 ms] ~"0x00007ffbc4221000  0x00007ffbc4230090  Yes         C:\\WINDOWS\\System32\\kernel.appcore.dll\n"
[    1559 ms] ~"0x00007ffbc4261000  0x00007ffbc42ab218  Yes         C:\\WINDOWS\\System32\\powrprof.dll\n"
[    1559 ms] ~"0x00007ffbc4241000  0x00007ffbc425a084  Yes         C:\\WINDOWS\\System32\\profapi.dll\n"
[    1559 ms] ~"0x00007ffbc7601000  0x00007ffbc76c4970  Yes         C:\\WINDOWS\\System32\\oleaut32.dll\n"
[    1559 ms] ~"0x00007ffbc68d1000  0x00007ffbc68fc0d4  Yes         C:\\WINDOWS\\System32\\imm32.dll\n"
[    1559 ms] ~"0x00007ffb89dc1000  0x00007ffb89e54b24  Yes         C:\\WINDOWS\\SYSTEM32\\riched20.dll\n"
[    1559 ms] ~"0x00007ffbbf941000  0x00007ffbbf95801c  Yes         C:\\WINDOWS\\SYSTEM32\\usp10.dll\n"
[    1559 ms] ~"0x00007ffb89d81000  0x00007ffb89db7060  Yes         C:\\WINDOWS\\SYSTEM32\\msls31.dll\n"
[    1559 ms] ~"0x00007ffbc29c1000  0x00007ffbc2a541a4  Yes         C:\\WINDOWS\\system32\\uxtheme.dll\n"
[    1559 ms] ~"0x00007ffbc72f1000  0x00007ffbc74561a4  Yes         C:\\WINDOWS\\System32\\msctf.dll\n"
[    1559 ms] ~"0x00007ffbc2ab1000  0x00007ffbc2ad9130  Yes         C:\\WINDOWS\\system32\\dwmapi.dll\n"
[    1559 ms] ~"0x00007ffbc6821000  0x00007ffbc68bdbd8  Yes         C:\\WINDOWS\\System32\\clbcatq.dll\n"
[    1559 ms] ~"0x00007ffba3821000  0x00007ffba386eb2c  Yes         C:\\WINDOWS\\system32\\DataExchange.dll\n"
[    1559 ms] ~"0x00007ffbc1681000  0x00007ffbc1960934  Yes         C:\\WINDOWS\\system32\\d3d11.dll\n"
[    1559 ms] ~"0x00007ffbc2041000  0x00007ffbc2181fbc  Yes         C:\\WINDOWS\\system32\\dcomp.dll\n"
[    1559 ms] ~"0x00007ffbc3071000  0x00007ffbc311ed08  Yes         C:\\WINDOWS\\system32\\dxgi.dll\n"
[    1559 ms] ~"0x00007ffbc2ae1000  0x00007ffbc2c5a684  Yes         C:\\WINDOWS\\system32\\twinapi.appcore.dll\n"
[    1559 ms] ~"0x00007ffbc2d61000  0x00007ffbc2d7f764  Yes         C:\\WINDOWS\\system32\\rmclient.dll\n"
[    1559 ms] ~"0x00007ffbc3d61000  0x00007ffbc3d84104  Yes         C:\\WINDOWS\\system32\\bcrypt.dll\n"
[    1559 ms] ~"0x00007ffbab3f1000  0x00007ffbab487e3c  Yes         C:\\WINDOWS\\System32\\TextInputFramework.dll\n"
[    1559 ms] ~"0x00007ffbbefe1000  0x00007ffbbf2cd1c0  Yes         C:\\WINDOWS\\System32\\CoreUIComponents.dll\n"
[    1559 ms] ~"0x00007ffbc1f31000  0x00007ffbc200cbc0  Yes         C:\\WINDOWS\\System32\\CoreMessaging.dll\n"
[    1559 ms] ~"0x00007ffbc3341000  0x00007ffbc3370214  Yes         C:\\WINDOWS\\SYSTEM32\\ntmarta.dll\n"
[    1559 ms] ~"0x00007ffbbfb31000  0x00007ffbbfc65860  Yes         C:\\WINDOWS\\SYSTEM32\\WinTypes.dll\n"
[    1559 ms] ~"0x00007ffbc0b21000  0x00007ffbc0b32098  Yes         C:\\WINDOWS\\SYSTEM32\\wtsapi32.dll\n"
[    1559 ms] ~"0x00007ffbc36e1000  0x00007ffbc3734e00  Yes         C:\\WINDOWS\\SYSTEM32\\winsta.dll\n"
[    1559 ms] ~"0x00007ffbc3c71000  0x00007ffbc3c7a038  Yes         C:\\WINDOWS\\SYSTEM32\\cryptbase.dll\n"
[    1559 ms] ~"0x00007ffbc4101000  0x00007ffbc412f3e0  Yes         C:\\WINDOWS\\SYSTEM32\\sspicli.dll\n"
[    1559 ms] ~"0x0000000010001000  0x00000000100205a0  Yes         C:\\WINDOWS\\SYSTEM32\\OpenAL32.dll\n"
[    1559 ms] ~"0x00007ffbbe861000  0x00007ffbbe8cea28  Yes         C:\\WINDOWS\\SYSTEM32\\MMDevAPI.dll\n"
[    1559 ms] ~"0x00007ffbc4011000  0x00007ffbc4036140  Yes         C:\\WINDOWS\\SYSTEM32\\devobj.dll\n"
[    1559 ms] ~"0x00007ffbc0bb1000  0x00007ffbc0d60d04  Yes         C:\\WINDOWS\\SYSTEM32\\propsys.dll\n"
[    1559 ms] ~"0x00007ffbab991000  0x00007ffbab9d1290  Yes         C:\\WINDOWS\\SYSTEM32\\wdmaud.drv\n"
[    1559 ms] ~"0x00007ffbc2681000  0x00007ffbc268801c  Yes         C:\\WINDOWS\\SYSTEM32\\ksuser.dll\n"
[    1559 ms] ~"0x00007ffbbf501000  0x00007ffbbf509028  Yes         C:\\WINDOWS\\SYSTEM32\\avrt.dll\n"
[    1559 ms] ~"0x00007ffb9b181000  0x00007ffb9b2a1d88  Yes         C:\\WINDOWS\\SYSTEM32\\AudioSes.dll\n"
[    1559 ms] ~"0x00007ffbc2671000  0x00007ffbc267b040  Yes         C:\\WINDOWS\\SYSTEM32\\msacm32.drv\n"
[    1559 ms] ~"0x00007ffbaba51000  0x00007ffbaba6b0d4  Yes         C:\\WINDOWS\\SYSTEM32\\msacm32.dll\n"
[    1559 ms] ~"0x00007ffbab981000  0x00007ffbab98901c  Yes         C:\\WINDOWS\\SYSTEM32\\midimap.dll\n"
[    1559 ms] ~"0x00007ffbb3ba1000  0x00007ffbb3c2ef20  Yes         C:\\WINDOWS\\SYSTEM32\\dsound.dll\n"
[    1559 ms] ~"0x0000000000dd1000  0x0000000001252544  Yes         C:\\WINDOWS\\SYSTEM32\\wrap_oal.dll\n"
[    1559 ms] ~"0x00007ffbab5e1000  0x00007ffbab6e6e00  Yes         C:\\Windows\\System32\\Windows.UI.dll\n"
[    1559 ms] ^done
[    1576 ms] -stack-list-frames --thread 1
[    1581 ms] ^done,stack=[frame={level="0",addr="0x0000000078787878",func="??"},frame={level="1",addr="0x3465573365573265",func="??"},frame={level="2",addr="0x6557366557356557",func="??"},frame={level="3",addr="0x5739655738655737",func="??"},frame={level="4",addr="0x3266573166573066",func="??"},frame={level="5",addr="0x6657346657336657",func="??"},frame={level="6",addr="0x5737665736665735",func="??"},frame={level="7",addr="0x3067573966573866",func="??"},frame={level="8",addr="0x6757326757316757",func="??"},frame={level="9",addr="0x5735675734675733",func="??"},frame={level="10",addr="0x3867573767573667",func="??"},frame={level="11",addr="0x6857306857396757",func="??"},frame={level="12",addr="0x5733685732685731",func="??"},frame={level="13",addr="0x3668573568573468",func="??"},frame={level="14",addr="0x6857386857376857",func="??"},frame={level="15",addr="0x5731695730695739",func="??"},frame={level="16",addr="0x3469573369573269",func="??"},frame={level="17",addr="0x6957366957356957",func="??"},frame={level="18",addr="0x5739695738695737",func="??"},frame={level="19",addr="0x326a57316a57306a",func="??"},frame={level="20",addr="0x6a57346a57336a57",func="??"},frame={level="21",addr="0x57376a57366a5735",func="??"},frame={level="22",addr="0x306b57396a57386a",func="??"},frame={level="23",addr="0x6b57326b57316b57",func="??"},frame={level="24",addr="0x57356b57346b5733",func="??"},frame={level="25",addr="0x386b57376b57366b",func="??"},frame={level="26",addr="0x6c57306c57396b57",func="??"},frame={level="27",addr="0x57336c57326c5731",func="??"},frame={level="28",addr="0x366c57356c57346c",func="??"},frame={level="29",addr="0x6c57386c57376c57",func="??"},frame={level="30",addr="0x57316d57306d5739",func="??"},frame={level="31",addr="0x346d57336d57326d",func="??"},frame={level="32",addr="0x6d57366d57356d57",func="??"},frame={level="33",addr="0x57396d57386d5737",func="??"},frame={level="34",addr="0x326e57316e57306e",func="??"},frame={level="35",addr="0x0000000000000000",func="??"}]
[    1582 ms] -stack-list-arguments --thread 1 0
[    1592 ms] ^done,stack-args=[frame={level="0",args=[]},frame={level="1",args=[]},frame={level="2",args=[]},frame={level="3",args=[]},frame={level="4",args=[]},frame={level="5",args=[]},frame={level="6",args=[]},frame={level="7",args=[]},frame={level="8",args=[]},frame={level="9",args=[]},frame={level="10",args=[]},frame={level="11",args=[]},frame={level="12",args=[]},frame={level="13",args=[]},frame={level="14",args=[]},frame={level="15",args=[]},frame={level="16",args=[]},frame={level="17",args=[]},frame={level="18",args=[]},frame={level="19",args=[]},frame={level="20",args=[]},frame={level="21",args=[]},frame={level="22",args=[]},frame={level="23",args=[]},frame={level="24",args=[]},frame={level="25",args=[]},frame={level="26",args=[]},frame={level="27",args=[]},frame={level="28",args=[]},frame={level="29",args=[]},frame={level="30",args=[]},frame={level="31",args=[]},frame={level="32",args=[]},frame={level="33",args=[]},frame={level="34",args=[]},frame={level="35",args=[]}]
[    1598 ms] -data-evaluate-expression "sizeof(void *)"
[    1602 ms] ^done,value="8"
[    1602 ms] -data-evaluate-expression "sizeof(int)"
[    1602 ms] ^done,value="4"
[    1602 ms] -data-evaluate-expression "sizeof(short)"
[    1602 ms] ^done,value="2"
[    1602 ms] -data-evaluate-expression "sizeof(long)"
[    1602 ms] ^done,value="4"
[    1602 ms] -data-evaluate-expression "sizeof(long long)"
[    1602 ms] ^done,value="8"
[    1602 ms] -data-evaluate-expression "sizeof(char)"
[    1602 ms] ^done,value="1"
[    1602 ms] -data-evaluate-expression "sizeof(wchar_t)"
[    1602 ms] ^error,msg="No symbol table is loaded.  Use the \"file\" command."
[    1602 ms] -data-evaluate-expression "sizeof(float)"
[    1602 ms] ^done,value="4"
[    1602 ms] -data-evaluate-expression "sizeof(double)"
[    1603 ms] ^done,value="8"
[    1603 ms] -data-evaluate-expression "sizeof(long double)"
[    1603 ms] ^done,value="16"
[   15088 ms] info symbol 0x78787877
[   15088 ms] &"info symbol 0x78787877\n"
[   15088 ms] ~"No symbol matches 0x78787877.\n"
[   15088 ms] ^done
[   15090 ms] info symbol 0x78787875
[   15099 ms] &"info symbol 0x78787875\n"
[   15099 ms] ~"No symbol matches 0x78787875.\n"
[   15099 ms] ^done
[   15099 ms] info symbol 0x7878786e
[   15109 ms] &"info symbol 0x7878786e\n"
[   15109 ms] ~"No symbol matches 0x7878786e.\n"
[   15109 ms] ^done
[   15109 ms] info symbol 0x78787814
[   15109 ms] &"info symbol 0x78787814\n"
[   15109 ms] ~"No symbol matches 0x78787814.\n"
[   15109 ms] ^done
[   15117 ms] x/31i 0x78787878
[   15119 ms] &"x/31i 0x78787878\n"
[   15119 ms] ~"=> 0x78787878:\t"
[   15119 ms] &"Cannot access memory at address 0x78787878\n"
[   15119 ms] ^error,msg="Cannot access memory at address 0x78787878"
[   15123 ms] x/31i 0x78787878
[   15129 ms] &"x/31i 0x78787878\n"
[   15129 ms] ~"=> 0x78787878:\t"
[   15129 ms] &"Cannot access memory at address 0x78787878\n"
[   15129 ms] ^error,msg="Cannot access memory at address 0x78787878"
[   37292 ms] gdbserver
[   37296 ms] &"gdbserver\n"
[   37296 ms] &"Undefined command: \"gdbserver\".  Try \"help\".\n"
[   37296 ms] ^error,msg="Undefined command: \"gdbserver\".  Try \"help\"."
[   52422 ms] i r
[   52432 ms] &"i r\n"
[   52432 ms] ~"rax            0x0"
[   52432 ms] ~"\t0"
[   52432 ms] ~"\n"
[   52432 ms] ~"rbx            0x6457386457376457"
[   52432 ms] ~"\t7230309730377753687"
[   52432 ms] ~"\n"
[   52432 ms] ~"rcx            0xffffffff"
[   52432 ms] ~"\t4294967295"
[   52432 ms] ~"\n"
[   52432 ms] ~"rdx            0x0"
[   52432 ms] ~"\t0"
[   52432 ms] ~"\n"
[   52432 ms] ~"rsi            0x3664573564573464"
[   52432 ms] ~"\t3919353462547493988"
[   52432 ms] ~"\n"
[   52432 ms] ~"rdi            0x5733645732645731"
[   52433 ms] ~"\t6283476230782342961"
[   52433 ms] ~"\n"
[   52433 ms] ~"rbp            0x0"
[   52433 ms] ~"\t0x0\n"
[   52433 ms] ~"rsp            0x6a942feba0"
[   52433 ms] ~"\t0x6a942feba0\n"
[   52433 ms] ~"r8             0x8"
[   52433 ms] ~"\t8"
[   52433 ms] ~"\n"
[   52433 ms] ~"r9             0x7ff70aef5560"
[   52433 ms] ~"\t140699017106784"
[   52433 ms] ~"\n"
[   52433 ms] ~"r10            0x8498e6f9d14c"
[   52433 ms] ~"\t145792245027148"
[   52433 ms] ~"\n"
[   52433 ms] ~"r11            0x246"
[   52433 ms] ~"\t582"
[   52433 ms] ~"\n"
[   52433 ms] ~"r12            0x7ff70af8f3dc"
[   52433 ms] ~"\t140699017737180"
[   52433 ms] ~"\n"
[   52433 ms] ~"r13            0x0"
[   52433 ms] ~"\t0"
[   52433 ms] ~"\n"
[   52433 ms] ~"r14            0x7ff70af84390"
[   52433 ms] ~"\t140699017692048"
[   52433 ms] ~"\n"
[   52433 ms] ~"r15            0xe66"
[   52433 ms] ~"\t3686"
[   52433 ms] ~"\n"
[   52433 ms] ~"rip            0x78787878"
[   52433 ms] ~"\t0x78787878\n"
[   52433 ms] ~"eflags         0x10202"
[   52433 ms] ~"\t[ IF RF ]"
[   52433 ms] ~"\n"
[   52433 ms] ~"cs             0x33"
[   52433 ms] ~"\t51"
[   52433 ms] ~"\n"
[   52433 ms] ~"ss             0x2b"
[   52433 ms] ~"\t43"
[   52433 ms] ~"\n"
[   52433 ms] ~"ds             0x0"
[   52433 ms] ~"\t0"
[   52433 ms] ~"\n"
[   52433 ms] ~"es             0x0"
[   52433 ms] ~"\t0"
[   52433 ms] ~"\n"
[   52433 ms] ~"fs             0x0"
[   52433 ms] ~"\t0"
[   52433 ms] ~"\n"
[   52433 ms] ~"gs             0x0"
[   52433 ms] ~"\t0"
[   52433 ms] ~"\n"
[   52433 ms] ^done
[  120628 ms] -data-list-register-names
[  120632 ms] ^done,register-names=["rax","rbx","rcx","rdx","rsi","rdi","rbp","rsp","r8","r9","r10","r11","r12","r13","r14","r15","rip","eflags","cs","ss","ds","es","fs","gs","st0","st1","st2","st3","st4","st5","st6","st7","fctrl","fstat","ftag","fiseg","fioff","foseg","fooff","fop","xmm0","xmm1","xmm2","xmm3","xmm4","xmm5","xmm6","xmm7","xmm8","xmm9","xmm10","xmm11","xmm12","xmm13","xmm14","xmm15","mxcsr","","","","","","","","","","","","","","","","","al","bl","cl","dl","sil","dil","bpl","spl","r8l","r9l","r10l","r11l","r12l","r13l","r14l","r15l","ah","bh","ch","dh","ax","bx","cx","dx","si","di","bp","","r8w","r9w","r10w","r11w","r12w","r13w","r14w","r15w","eax","ebx","ecx","edx","esi","edi","ebp","esp","r8d","r9d","r10d","r11d","r12d","r13d","r14d","r15d"]
[  120632 ms] -data-list-register-values r10
[  120643 ms] ^done,register-values=[{number="0",value="0x0000000000000000"},{number="1",value="0x6457386457376457"},{number="2",value="0x00000000ffffffff"},{number="3",value="0x0000000000000000"},{number="4",value="0x3664573564573464"},{number="5",value="0x5733645732645731"},{number="6",value="0x0000000000000000"},{number="7",value="0x0000006a942feba0"},{number="8",value="0x0000000000000008"},{number="9",value="0x00007ff70aef5560"},{number="10",value="0x00008498e6f9d14c"},{number="11",value="0x0000000000000246"},{number="12",value="0x00007ff70af8f3dc"},{number="13",value="0x0000000000000000"},{number="14",value="0x00007ff70af84390"},{number="15",value="0x0000000000000e66"},{number="16",value="0x0000000078787878"},{number="17",value="0x00010202"},{number="18",value="0x00000033"},{number="19",value="0x0000002b"},{number="20",value="0x00000000"},{number="21",value="0x00000000"},{number="22",value="0x00000000"},{number="23",value="0x00000000"},{number="24",value="0x00000000000000000000"},{number="25",value="0x00000000000000000000"},{number="26",value="0x00000000000000000000"},{number="27",value="0x00000000000000000000"},{number="28",value="0x00000000000000000000"},{number="29",value="0x00000000000000000000"},{number="30",value="0x00000000000000000000"},{number="31",value="0x00000000000000000000"},{number="32",value="0x0000027f"},{number="33",value="0x00000000"},{number="34",value="0x00000000"},{number="35",value="0x00000000"},{number="36",value="0x00000000"},{number="37",value="0x00000000"},{number="38",value="0x00000000"},{number="39",value="0x00000000"},{number="40",value="0x00000000000000000000000000000000"},{number="41",value="0x00000000000000000000000000000000"},{number="42",value="0x00000000000000000000000000000000"},{number="43",value="0x00000000000000000000000000000000"},{number="44",value="0x00000000000000000000000000000000"},{number="45",value="0x00000000000000000000000000000000"},{number="46",value="0x0000000000000000000000003f800000"},{number="47",value="0x00000000000000000000000000000000"},{number="48",value="0x00000000000000000000000000000000"},{number="49",value="0x00000000000000000000000000000000"},{number="50",value="0x00000000000000000000000000000000"},{number="51",value="0x00000000000000000000000000000000"},{number="52",value="0x00000000000000000000000000000000"},{number="53",value="0x00000000000000000000000000000000"},{number="54",value="0x00000000000000000000000000000000"},{number="55",value="0x00000000000000000000000000000000"},{number="56",value="0x00001fa0"},{number="73",value="0x00"},{number="74",value="0x57"},{number="75",value="0xff"},{number="76",value="0x00"},{number="77",value="0x64"},{number="78",value="0x31"},{number="79",value="0x00"},{number="80",value="0xa0"},{number="81",value="0x08"},{number="82",value="0x60"},{number="83",value="0x4c"},{number="84",value="0x46"},{number="85",value="0xdc"},{number="86",value="0x00"},{number="87",value="0x90"},{number="88",value="0x66"},{number="89",value="0x00"},{number="90",value="0x64"},{number="91",value="0xff"},{number="92",value="0x00"},{number="93",value="0x0000"},{number="94",value="0x6457"},{number="95",value="0xffff"},{number="96",value="0x0000"},{number="97",value="0x3464"},{number="98",value="0x5731"},{number="99",value="0x0000"},{number="101",value="0x0008"},{number="102",value="0x5560"},{number="103",value="0xd14c"},{number="104",value="0x0246"},{number="105",value="0xf3dc"},{number="106",value="0x0000"},{number="107",value="0x4390"},{number="108",value="0x0e66"},{number="109",value="0x00000000"},{number="110",value="0x57376457"},{number="111",value="0xffffffff"},{number="112",value="0x00000000"},{number="113",value="0x64573464"},{number="114",value="0x32645731"},{number="115",value="0x00000000"},{number="116",value="0x942feba0"},{number="117",value="0x00000008"},{number="118",value="0x0aef5560"},{number="119",value="0xe6f9d14c"},{number="120",value="0x00000246"},{number="121",value="0x0af8f3dc"},{number="122",value="0x00000000"},{number="123",value="0x0af84390"},{number="124",value="0x00000e66"}]
[  120646 ms] ptype/mt Register group
[  120653 ms] &"ptype/mt Register group\n"
[  120653 ms] &"A syntax error in expression, near `/mt Register group'.\n"
[  120653 ms] ^error,msg="A syntax error in expression, near `/mt Register group'."
[  134234 ms] -var-create --frame 0 --thread 1 - * "CPU"
[  134235 ms] ^error,msg="-var-create: unable to create variable object"
[  137872 ms] -var-create --frame 0 --thread 1 - * "CPU (32-bit)"
[  137878 ms] ^error,msg="-var-create: unable to create variable object"
[  138915 ms] -var-create --frame 0 --thread 1 - * "CPU"
[  138916 ms] ^error,msg="-var-create: unable to create variable object"
[  144713 ms] -gdb-exit
[  144721 ms] ^exit
[  144721 ms] =thread-exited,id="22",group-id="i1"
[  144721 ms] =thread-exited,id="21",group-id="i1"
[  144721 ms] =thread-exited,id="17",group-id="i1"
[  144721 ms] =thread-exited,id="16",group-id="i1"
[  144721 ms] =thread-exited,id="7",group-id="i1"
[  144721 ms] =thread-exited,id="6",group-id="i1"
[  144721 ms] =thread-exited,id="5",group-id="i1"
[  144721 ms] =thread-exited,id="4",group-id="i1"
[  144721 ms] =thread-exited,id="3",group-id="i1"
[  144721 ms] =thread-exited,id="2",group-id="i1"
[  144721 ms] =thread-exited,id="1",group-id="i1"
[  144721 ms] =thread-group-exited,id="i1"
